{"timestamp":"2025-06-03T09:41:06Z","level":"INFO","memory_usage":756.2353515625,"source":"dawn_server","request_id":345,"thread_id":10203727440083,"pid":4734,"message":"SETTING UP LOGGER"}
{"timestamp":"2025-06-03T09:41:06Z","level":"INFO","memory_usage":757.6142578125,"source":"Supervisor","request_id":"N\/A","thread_id":10203727440083,"pid":4734,"message":"Starting child: TokenCleaner [policy: permanent]"}
{"timestamp":"2025-06-03T09:41:06Z","level":"INFO","memory_usage":759.4697265625,"source":"Supervisor","request_id":"N\/A","thread_id":10203727440083,"pid":4734,"message":"Child TokenCleaner started successfully"}
{"timestamp":"2025-06-03T09:41:06Z","level":"WARN","memory_usage":779.3876953125,"source":"DawnServer","request_id":"N\/A","thread_id":10203727440083,"pid":4734,"message":"Route conflict: post \/api\/items is being overridden."}
{"timestamp":"2025-06-03T09:41:06Z","level":"INFO","memory_usage":782.7080078125,"source":"Supervisor","request_id":"N\/A","thread_id":10203727440083,"pid":4734,"message":"Starting child: DawnServer_Supervisor [policy: transient]"}
{"timestamp":"2025-06-03T09:41:06Z","level":"INFO","memory_usage":783.6845703125,"source":"DawnServer","request_id":"N\/A","thread_id":10203727440083,"pid":4734,"message":"Dawn Server connection  started8080"}
{"timestamp":"2025-06-03T09:41:06Z","level":"INFO","memory_usage":785.4189453125,"source":"DawnServer","request_id":"N\/A","thread_id":10203727440083,"pid":4734,"message":"Registered Routes:"}
{"timestamp":"2025-06-03T09:41:06Z","level":"INFO","memory_usage":786.3798828125,"source":"DawnServer","request_id":"N\/A","thread_id":10203727440083,"pid":4734,"message":"  get "}
{"timestamp":"2025-06-03T09:41:06Z","level":"INFO","memory_usage":787.1728515625,"source":"DawnServer","request_id":"N\/A","thread_id":10203727440083,"pid":4734,"message":"  delete \/products\/:productid"}
{"timestamp":"2025-06-03T09:41:06Z","level":"INFO","memory_usage":788.0830078125,"source":"DawnServer","request_id":"N\/A","thread_id":10203727440083,"pid":4734,"message":"  post \/refresh"}
{"timestamp":"2025-06-03T09:41:06Z","level":"INFO","memory_usage":791.5205078125,"source":"DawnServer","request_id":"N\/A","thread_id":10203727440083,"pid":4734,"message":"  patch \/settings"}
{"timestamp":"2025-06-03T09:41:06Z","level":"INFO","memory_usage":792.3603515625,"source":"DawnServer","request_id":"N\/A","thread_id":10203727440083,"pid":4734,"message":"  get \/users\/:id"}
{"timestamp":"2025-06-03T09:41:06Z","level":"INFO","memory_usage":793.1728515625,"source":"DawnServer","request_id":"N\/A","thread_id":10203727440083,"pid":4734,"message":"  get \/files\/*"}
{"timestamp":"2025-06-03T09:41:06Z","level":"INFO","memory_usage":793.9892578125,"source":"DawnServer","request_id":"N\/A","thread_id":10203727440083,"pid":4734,"message":"  post \/logout"}
{"timestamp":"2025-06-03T09:41:06Z","level":"INFO","memory_usage":794.7900390625,"source":"DawnServer","request_id":"N\/A","thread_id":10203727440083,"pid":4734,"message":"  post \/login"}
{"timestamp":"2025-06-03T09:41:06Z","level":"INFO","memory_usage":795.6298828125,"source":"DawnServer","request_id":"N\/A","thread_id":10203727440083,"pid":4734,"message":"  put \/items\/:itemid"}
{"timestamp":"2025-06-03T09:41:06Z","level":"INFO","memory_usage":796.4619140625,"source":"DawnServer","request_id":"N\/A","thread_id":10203727440083,"pid":4734,"message":"  get \/api\/users\/:id"}
{"timestamp":"2025-06-03T09:41:06Z","level":"INFO","memory_usage":797.2939453125,"source":"DawnServer","request_id":"N\/A","thread_id":10203727440083,"pid":4734,"message":"  options \/api\/resource"}
{"timestamp":"2025-06-03T09:41:06Z","level":"INFO","memory_usage":798.1259765625,"source":"DawnServer","request_id":"N\/A","thread_id":10203727440083,"pid":4734,"message":"  post \/api\/items"}
{"timestamp":"2025-06-03T09:41:06Z","level":"INFO","memory_usage":799.0009765625,"source":"DawnServer","request_id":"N\/A","thread_id":10203727440083,"pid":4734,"message":"  head \/info"}
{"message":"SETTING UP LOGGER","source":"dawn_server","request_id":345,"memory_usage":690.765625,"timestamp":"2025-06-03T12:38:39Z","pid":6030,"thread_id":20469832457085,"level":"INFO"}
{"message":"Starting child: TokenCleaner [policy: permanent]","source":"Supervisor","request_id":"N\/A","memory_usage":692.13671875,"timestamp":"2025-06-03T12:38:39Z","pid":6030,"thread_id":20469832457085,"level":"INFO"}
{"message":"Child TokenCleaner started successfully","source":"Supervisor","request_id":"N\/A","memory_usage":693.9921875,"timestamp":"2025-06-03T12:38:39Z","pid":6030,"thread_id":20469832457085,"level":"INFO"}
{"message":"Starting child: DawnServer_Supervisor [policy: transient]","source":"Supervisor","request_id":"N\/A","memory_usage":702.0078125,"timestamp":"2025-06-03T12:38:39Z","pid":6030,"thread_id":20469832457085,"level":"INFO"}
{"message":"Dawn Server connection  started3000","source":"DawnServer","request_id":"N\/A","memory_usage":702.94921875,"timestamp":"2025-06-03T12:38:39Z","pid":6030,"thread_id":20469832457085,"level":"INFO"}
{"message":"Serving static files from '.\/public' at route '\/static'","source":"DawnServer","request_id":"N\/A","memory_usage":704.67578125,"timestamp":"2025-06-03T12:38:39Z","pid":6030,"thread_id":20469832457085,"level":"INFO"}
{"message":"Registered Routes:","source":"DawnServer","request_id":"N\/A","memory_usage":705.5546875,"timestamp":"2025-06-03T12:38:39Z","pid":6030,"thread_id":20469832457085,"level":"INFO"}
{"message":"  get ","source":"DawnServer","request_id":"N\/A","memory_usage":706.5078125,"timestamp":"2025-06-03T12:38:39Z","pid":6030,"thread_id":20469832457085,"level":"INFO"}
{"message":"  get \/api\/user\/:id","source":"DawnServer","request_id":"N\/A","memory_usage":707.28125,"timestamp":"2025-06-03T12:38:39Z","pid":6030,"thread_id":20469832457085,"level":"INFO"}
{"message":"  post \/api\/echo","source":"DawnServer","request_id":"N\/A","memory_usage":708.15625,"timestamp":"2025-06-03T12:38:39Z","pid":6030,"thread_id":20469832457085,"level":"INFO"}
{"message":"SETTING UP LOGGER","pid":6077,"timestamp":"2025-06-03T12:42:13Z","source":"dawn_server","request_id":345,"thread_id":20676091707254,"level":"INFO","memory_usage":691.8046875}
{"message":"Starting child: TokenCleaner [policy: permanent]","pid":6077,"timestamp":"2025-06-03T12:42:13Z","source":"Supervisor","request_id":"N\/A","thread_id":20676091707254,"level":"INFO","memory_usage":693.17578125}
{"message":"Child TokenCleaner started successfully","pid":6077,"timestamp":"2025-06-03T12:42:13Z","source":"Supervisor","request_id":"N\/A","thread_id":20676091707254,"level":"INFO","memory_usage":695.03125}
{"message":"Starting child: DawnServer_Supervisor [policy: transient]","pid":6077,"timestamp":"2025-06-03T12:42:13Z","source":"Supervisor","request_id":"N\/A","thread_id":20676091707254,"level":"INFO","memory_usage":703.1171875}
{"message":"Dawn Server connection  started3000","pid":6077,"timestamp":"2025-06-03T12:42:13Z","source":"DawnServer","request_id":"N\/A","thread_id":20676091707254,"level":"INFO","memory_usage":704.05859375}
{"message":"Serving static files from '.\/public' at route '\/static'","pid":6077,"timestamp":"2025-06-03T12:42:13Z","source":"DawnServer","request_id":"N\/A","thread_id":20676091707254,"level":"INFO","memory_usage":705.78515625}
{"message":"Registered Routes:","pid":6077,"timestamp":"2025-06-03T12:42:13Z","source":"DawnServer","request_id":"N\/A","thread_id":20676091707254,"level":"INFO","memory_usage":706.6640625}
{"message":"  get ","pid":6077,"timestamp":"2025-06-03T12:42:13Z","source":"DawnServer","request_id":"N\/A","thread_id":20676091707254,"level":"INFO","memory_usage":707.6171875}
{"message":"  WS \/ws","pid":6077,"timestamp":"2025-06-03T12:42:13Z","source":"DawnServer","request_id":"N\/A","thread_id":20676091707254,"level":"INFO","memory_usage":708.3828125}
{"message":"  get \/api\/user\/:id","pid":6077,"timestamp":"2025-06-03T12:42:13Z","source":"DawnServer","request_id":"N\/A","thread_id":20676091707254,"level":"INFO","memory_usage":709.23046875}
{"memory_usage":694.26171875,"timestamp":"2025-06-03T12:46:34Z","source":"dawn_server","pid":6133,"level":"INFO","request_id":345,"thread_id":20925657165452,"message":"SETTING UP LOGGER"}
{"memory_usage":695.63671875,"timestamp":"2025-06-03T12:46:34Z","source":"Supervisor","pid":6133,"level":"INFO","request_id":"N\/A","thread_id":20925657165452,"message":"Starting child: TokenCleaner [policy: permanent]"}
{"memory_usage":697.4921875,"timestamp":"2025-06-03T12:46:34Z","source":"Supervisor","pid":6133,"level":"INFO","request_id":"N\/A","thread_id":20925657165452,"message":"Child TokenCleaner started successfully"}
{"memory_usage":705.9765625,"timestamp":"2025-06-03T12:46:34Z","source":"Supervisor","pid":6133,"level":"INFO","request_id":"N\/A","thread_id":20925657165452,"message":"Starting child: DawnServer_Supervisor [policy: transient]"}
{"memory_usage":706.91796875,"timestamp":"2025-06-03T12:46:34Z","source":"DawnServer","pid":6133,"level":"INFO","request_id":"N\/A","thread_id":20925657165452,"message":"Dawn Server connection  started3000"}
{"memory_usage":708.64453125,"timestamp":"2025-06-03T12:46:34Z","source":"DawnServer","pid":6133,"level":"INFO","request_id":"N\/A","thread_id":20925657165452,"message":"Serving static files from '.\/public' at route '\/static'"}
{"memory_usage":709.5234375,"timestamp":"2025-06-03T12:46:34Z","source":"DawnServer","pid":6133,"level":"INFO","request_id":"N\/A","thread_id":20925657165452,"message":"Registered Routes:"}
{"memory_usage":710.48828125,"timestamp":"2025-06-03T12:46:34Z","source":"DawnServer","pid":6133,"level":"INFO","request_id":"N\/A","thread_id":20925657165452,"message":"  get \/api\/hello"}
{"memory_usage":711.296875,"timestamp":"2025-06-03T12:46:34Z","source":"DawnServer","pid":6133,"level":"INFO","request_id":"N\/A","thread_id":20925657165452,"message":"  get \/api\/user\/:id"}
{"memory_usage":712.17578125,"timestamp":"2025-06-03T12:46:34Z","source":"DawnServer","pid":6133,"level":"INFO","request_id":"N\/A","thread_id":20925657165452,"message":"  post \/api\/echo"}
{"memory_usage":694.26171875,"request_id":345,"message":"SETTING UP LOGGER","thread_id":21006003970432,"timestamp":"2025-06-03T12:47:58Z","pid":6175,"source":"dawn_server","level":"INFO"}
{"memory_usage":695.63671875,"request_id":"N\/A","message":"Starting child: TokenCleaner [policy: permanent]","thread_id":21006003970432,"timestamp":"2025-06-03T12:47:58Z","pid":6175,"source":"Supervisor","level":"INFO"}
{"memory_usage":697.4921875,"request_id":"N\/A","message":"Child TokenCleaner started successfully","thread_id":21006003970432,"timestamp":"2025-06-03T12:47:58Z","pid":6175,"source":"Supervisor","level":"INFO"}
{"memory_usage":705.9765625,"request_id":"N\/A","message":"Starting child: DawnServer_Supervisor [policy: transient]","thread_id":21006003970432,"timestamp":"2025-06-03T12:47:58Z","pid":6175,"source":"Supervisor","level":"INFO"}
{"memory_usage":706.91796875,"request_id":"N\/A","message":"Dawn Server connection  started3000","thread_id":21006003970432,"timestamp":"2025-06-03T12:47:58Z","pid":6175,"source":"DawnServer","level":"INFO"}
{"memory_usage":708.64453125,"request_id":"N\/A","message":"Serving static files from '.\/public' at route '\/static'","thread_id":21006003970432,"timestamp":"2025-06-03T12:47:58Z","pid":6175,"source":"DawnServer","level":"INFO"}
{"memory_usage":709.5234375,"request_id":"N\/A","message":"Registered Routes:","thread_id":21006003970432,"timestamp":"2025-06-03T12:47:58Z","pid":6175,"source":"DawnServer","level":"INFO"}
{"memory_usage":710.48046875,"request_id":"N\/A","message":"  WS \/ws","thread_id":21006003970432,"timestamp":"2025-06-03T12:47:58Z","pid":6175,"source":"DawnServer","level":"INFO"}
{"memory_usage":711.2578125,"request_id":"N\/A","message":"  get \/home","thread_id":21006003970432,"timestamp":"2025-06-03T12:47:58Z","pid":6175,"source":"DawnServer","level":"INFO"}
{"memory_usage":712.109375,"request_id":"N\/A","message":"  post \/api\/echo","thread_id":21006003970432,"timestamp":"2025-06-03T12:47:58Z","pid":6175,"source":"DawnServer","level":"INFO"}
{"request_id":345,"timestamp":"2025-06-03T13:01:07Z","memory_usage":692.5673828125,"source":"dawn_server","pid":6369,"level":"INFO","thread_id":21762707793502,"message":"SETTING UP LOGGER"}
{"request_id":"N\/A","timestamp":"2025-06-03T13:01:07Z","memory_usage":693.9462890625,"source":"Supervisor","pid":6369,"level":"INFO","thread_id":21762707793502,"message":"Starting child: TokenCleaner [policy: permanent]"}
{"request_id":"N\/A","timestamp":"2025-06-03T13:01:07Z","memory_usage":695.8017578125,"source":"Supervisor","pid":6369,"level":"INFO","thread_id":21762707793502,"message":"Child TokenCleaner started successfully"}
{"request_id":"N\/A","timestamp":"2025-06-03T13:01:07Z","memory_usage":704.2939453125,"source":"Supervisor","pid":6369,"level":"INFO","thread_id":21762707793502,"message":"Starting child: DawnServer_Supervisor [policy: transient]"}
{"request_id":"N\/A","timestamp":"2025-06-03T13:01:07Z","memory_usage":705.2392578125,"source":"DawnServer","pid":6369,"level":"INFO","thread_id":21762707793502,"message":"Dawn Server connection started3000"}
{"request_id":"N\/A","timestamp":"2025-06-03T13:01:07Z","memory_usage":706.9228515625,"source":"DawnServer","pid":6369,"level":"INFO","thread_id":21762707793502,"message":"Serving static files from '.\/public' at route '\/static'"}
{"request_id":"N\/A","timestamp":"2025-06-03T13:01:07Z","memory_usage":707.8056640625,"source":"DawnServer","pid":6369,"level":"INFO","thread_id":21762707793502,"message":"Registered Routes:"}
{"request_id":"N\/A","timestamp":"2025-06-03T13:01:07Z","memory_usage":708.7783203125,"source":"DawnServer","pid":6369,"level":"INFO","thread_id":21762707793502,"message":"  get \/api\/user\/:id"}
{"request_id":"N\/A","timestamp":"2025-06-03T13:01:07Z","memory_usage":709.6025390625,"source":"DawnServer","pid":6369,"level":"INFO","thread_id":21762707793502,"message":"  get \/api\/hello"}
{"request_id":"N\/A","timestamp":"2025-06-03T13:01:07Z","memory_usage":710.4814453125,"source":"DawnServer","pid":6369,"level":"INFO","thread_id":21762707793502,"message":"  post \/api\/echo"}
{"source":"dawn_server","pid":6416,"level":"INFO","memory_usage":692.7705078125,"request_id":345,"message":"SETTING UP LOGGER","thread_id":21891849777280,"timestamp":"2025-06-03T13:03:22Z"}
{"source":"Supervisor","pid":6416,"level":"INFO","memory_usage":694.1494140625,"request_id":"N\/A","message":"Starting child: TokenCleaner [policy: permanent]","thread_id":21891849777280,"timestamp":"2025-06-03T13:03:22Z"}
{"source":"Supervisor","pid":6416,"level":"INFO","memory_usage":696.0048828125,"request_id":"N\/A","message":"Child TokenCleaner started successfully","thread_id":21891849777280,"timestamp":"2025-06-03T13:03:22Z"}
{"source":"Supervisor","pid":6416,"level":"INFO","memory_usage":704.4970703125,"request_id":"N\/A","message":"Starting child: DawnServer_Supervisor [policy: transient]","thread_id":21891849777280,"timestamp":"2025-06-03T13:03:22Z"}
{"source":"DawnServer","pid":6416,"level":"INFO","memory_usage":705.4423828125,"request_id":"N\/A","message":"Dawn Server connection started3000","thread_id":21891849777280,"timestamp":"2025-06-03T13:03:22Z"}
{"source":"DawnServer","pid":6416,"level":"INFO","memory_usage":707.1259765625,"request_id":"N\/A","message":"Serving static files from '.\/public' at route '\/static'","thread_id":21891849777280,"timestamp":"2025-06-03T13:03:22Z"}
{"source":"DawnServer","pid":6416,"level":"INFO","memory_usage":708.0087890625,"request_id":"N\/A","message":"Registered Routes:","thread_id":21891849777280,"timestamp":"2025-06-03T13:03:22Z"}
{"source":"DawnServer","pid":6416,"level":"INFO","memory_usage":708.9736328125,"request_id":"N\/A","message":"  get \/home","thread_id":21891849777280,"timestamp":"2025-06-03T13:03:22Z"}
{"source":"DawnServer","pid":6416,"level":"INFO","memory_usage":709.7666015625,"request_id":"N\/A","message":"  post \/api\/echo","thread_id":21891849777280,"timestamp":"2025-06-03T13:03:22Z"}
{"source":"DawnServer","pid":6416,"level":"INFO","memory_usage":710.6455078125,"request_id":"N\/A","message":"  get \/api\/user\/:id","thread_id":21891849777280,"timestamp":"2025-06-03T13:03:22Z"}
{"timestamp":"2025-06-03T13:03:47Z","level":"INFO","request_id":345,"message":"SETTING UP LOGGER","thread_id":21914975677262,"memory_usage":692.7705078125,"source":"dawn_server","pid":6455}
{"timestamp":"2025-06-03T13:03:47Z","level":"INFO","request_id":"N\/A","message":"Starting child: TokenCleaner [policy: permanent]","thread_id":21914975677262,"memory_usage":694.1494140625,"source":"Supervisor","pid":6455}
{"timestamp":"2025-06-03T13:03:47Z","level":"INFO","request_id":"N\/A","message":"Child TokenCleaner started successfully","thread_id":21914975677262,"memory_usage":696.0048828125,"source":"Supervisor","pid":6455}
{"timestamp":"2025-06-03T13:03:47Z","level":"INFO","request_id":"N\/A","message":"Starting child: DawnServer_Supervisor [policy: transient]","thread_id":21914975677262,"memory_usage":704.4970703125,"source":"Supervisor","pid":6455}
{"timestamp":"2025-06-03T13:03:47Z","level":"INFO","request_id":"N\/A","message":"Dawn Server connection started3000","thread_id":21914975677262,"memory_usage":705.4423828125,"source":"DawnServer","pid":6455}
{"timestamp":"2025-06-03T13:03:47Z","level":"INFO","request_id":"N\/A","message":"Serving static files from '.\/public' at route '\/static'","thread_id":21914975677262,"memory_usage":707.1259765625,"source":"DawnServer","pid":6455}
{"timestamp":"2025-06-03T13:03:47Z","level":"INFO","request_id":"N\/A","message":"Registered Routes:","thread_id":21914975677262,"memory_usage":708.0087890625,"source":"DawnServer","pid":6455}
{"timestamp":"2025-06-03T13:03:47Z","level":"INFO","request_id":"N\/A","message":"  post \/api\/echo","thread_id":21914975677262,"memory_usage":708.9814453125,"source":"DawnServer","pid":6455}
{"timestamp":"2025-06-03T13:03:47Z","level":"INFO","request_id":"N\/A","message":"  get \/api\/hello","thread_id":21914975677262,"memory_usage":709.7978515625,"source":"DawnServer","pid":6455}
{"timestamp":"2025-06-03T13:03:47Z","level":"INFO","request_id":"N\/A","message":"  get \/api\/user\/:id","thread_id":21914975677262,"memory_usage":710.6767578125,"source":"DawnServer","pid":6455}
{"source":"dawn_server","pid":6529,"level":"INFO","message":"SETTING UP LOGGER","request_id":345,"timestamp":"2025-06-03T13:07:59Z","thread_id":22156277370130,"memory_usage":690.6064453125}
{"source":"Supervisor","pid":6529,"level":"INFO","message":"Starting child: TokenCleaner [policy: permanent]","request_id":"N\/A","timestamp":"2025-06-03T13:07:59Z","thread_id":22156277370130,"memory_usage":691.9853515625}
{"source":"Supervisor","pid":6529,"level":"INFO","message":"Child TokenCleaner started successfully","request_id":"N\/A","timestamp":"2025-06-03T13:07:59Z","thread_id":22156277370130,"memory_usage":693.8408203125}
{"source":"Supervisor","pid":6529,"level":"INFO","message":"Starting child: DawnServer_Supervisor [policy: transient]","request_id":"N\/A","timestamp":"2025-06-03T13:07:59Z","thread_id":22156277370130,"memory_usage":702.3330078125}
{"source":"DawnServer","pid":6529,"level":"INFO","message":"Dawn Server connection started3000","request_id":"N\/A","timestamp":"2025-06-03T13:07:59Z","thread_id":22156277370130,"memory_usage":703.2783203125}
{"source":"DawnServer","pid":6529,"level":"INFO","message":"Serving static files from '.\/public' at route '\/static'","request_id":"N\/A","timestamp":"2025-06-03T13:07:59Z","thread_id":22156277370130,"memory_usage":704.9619140625}
{"source":"DawnServer","pid":6529,"level":"INFO","message":"Registered Routes:","request_id":"N\/A","timestamp":"2025-06-03T13:07:59Z","thread_id":22156277370130,"memory_usage":705.8447265625}
{"source":"DawnServer","pid":6529,"level":"INFO","message":"  get \/api\/hello","request_id":"N\/A","timestamp":"2025-06-03T13:07:59Z","thread_id":22156277370130,"memory_usage":706.8173828125}
{"source":"DawnServer","pid":6529,"level":"INFO","message":"  get \/api\/user\/:id","request_id":"N\/A","timestamp":"2025-06-03T13:07:59Z","thread_id":22156277370130,"memory_usage":707.6337890625}
{"source":"DawnServer","pid":6529,"level":"INFO","message":"  post \/api\/echo","request_id":"N\/A","timestamp":"2025-06-03T13:07:59Z","thread_id":22156277370130,"memory_usage":708.5205078125}
{"memory_usage":690.9736328125,"source":"dawn_server","pid":6618,"level":"INFO","timestamp":"2025-06-03T13:14:15Z","request_id":345,"message":"SETTING UP LOGGER","thread_id":22515941631223}
{"memory_usage":692.3525390625,"source":"Supervisor","pid":6618,"level":"INFO","timestamp":"2025-06-03T13:14:15Z","request_id":"N\/A","message":"Starting child: TokenCleaner [policy: permanent]","thread_id":22515941631223}
{"memory_usage":694.2080078125,"source":"Supervisor","pid":6618,"level":"INFO","timestamp":"2025-06-03T13:14:15Z","request_id":"N\/A","message":"Child TokenCleaner started successfully","thread_id":22515941631223}
{"memory_usage":702.7001953125,"source":"Supervisor","pid":6618,"level":"INFO","timestamp":"2025-06-03T13:14:15Z","request_id":"N\/A","message":"Starting child: DawnServer_Supervisor [policy: transient]","thread_id":22515941631223}
{"memory_usage":703.6455078125,"source":"DawnServer","pid":6618,"level":"INFO","timestamp":"2025-06-03T13:14:15Z","request_id":"N\/A","message":"Dawn Server connection started3000","thread_id":22515941631223}
{"memory_usage":705.3291015625,"source":"DawnServer","pid":6618,"level":"INFO","timestamp":"2025-06-03T13:14:15Z","request_id":"N\/A","message":"Serving static files from '.\/public' at route '\/static'","thread_id":22515941631223}
{"memory_usage":706.2119140625,"source":"DawnServer","pid":6618,"level":"INFO","timestamp":"2025-06-03T13:14:15Z","request_id":"N\/A","message":"Registered Routes:","thread_id":22515941631223}
{"memory_usage":707.1767578125,"source":"DawnServer","pid":6618,"level":"INFO","timestamp":"2025-06-03T13:14:15Z","request_id":"N\/A","message":"  WS \/ws","thread_id":22515941631223}
{"memory_usage":707.9580078125,"source":"DawnServer","pid":6618,"level":"INFO","timestamp":"2025-06-03T13:14:15Z","request_id":"N\/A","message":"  get \/home","thread_id":22515941631223}
{"memory_usage":708.8134765625,"source":"DawnServer","pid":6618,"level":"INFO","timestamp":"2025-06-03T13:14:15Z","request_id":"N\/A","message":"  post \/api\/echo","thread_id":22515941631223}
{"timestamp":"2025-06-03T13:15:28Z","request_id":345,"memory_usage":694.2119140625,"thread_id":22585941029547,"source":"dawn_server","level":"INFO","message":"SETTING UP LOGGER","pid":6658}
{"timestamp":"2025-06-03T13:15:28Z","request_id":"N\/A","memory_usage":695.5908203125,"thread_id":22585941029547,"source":"Supervisor","level":"INFO","message":"Starting child: TokenCleaner [policy: permanent]","pid":6658}
{"timestamp":"2025-06-03T13:15:28Z","request_id":"N\/A","memory_usage":697.4462890625,"thread_id":22585941029547,"source":"Supervisor","level":"INFO","message":"Child TokenCleaner started successfully","pid":6658}
{"timestamp":"2025-06-03T13:15:28Z","request_id":"N\/A","memory_usage":705.9384765625,"thread_id":22585941029547,"source":"Supervisor","level":"INFO","message":"Starting child: DawnServer_Supervisor [policy: transient]","pid":6658}
{"timestamp":"2025-06-03T13:15:28Z","request_id":"N\/A","memory_usage":706.8837890625,"thread_id":22585941029547,"source":"DawnServer","level":"INFO","message":"Dawn Server connection started3000","pid":6658}
{"timestamp":"2025-06-03T13:15:28Z","request_id":"N\/A","memory_usage":708.5673828125,"thread_id":22585941029547,"source":"DawnServer","level":"INFO","message":"Serving static files from '.\/public' at route '\/static'","pid":6658}
{"timestamp":"2025-06-03T13:15:28Z","request_id":"N\/A","memory_usage":709.4501953125,"thread_id":22585941029547,"source":"DawnServer","level":"INFO","message":"Registered Routes:","pid":6658}
{"timestamp":"2025-06-03T13:15:28Z","request_id":"N\/A","memory_usage":710.4150390625,"thread_id":22585941029547,"source":"DawnServer","level":"INFO","message":"  WS \/ws","pid":6658}
{"timestamp":"2025-06-03T13:15:28Z","request_id":"N\/A","memory_usage":711.1962890625,"thread_id":22585941029547,"source":"DawnServer","level":"INFO","message":"  get \/home","pid":6658}
{"timestamp":"2025-06-03T13:15:28Z","request_id":"N\/A","memory_usage":712.0517578125,"thread_id":22585941029547,"source":"DawnServer","level":"INFO","message":"  get \/api\/hello","pid":6658}
{"request_id":345,"timestamp":"2025-06-03T13:22:44Z","message":"SETTING UP LOGGER","memory_usage":692.4013671875,"source":"dawn_server","pid":6739,"level":"INFO","thread_id":23002830234536}
{"request_id":"N\/A","timestamp":"2025-06-03T13:22:44Z","message":"Starting child: TokenCleaner [policy: permanent]","memory_usage":693.7802734375,"source":"Supervisor","pid":6739,"level":"INFO","thread_id":23002830234536}
{"request_id":"N\/A","timestamp":"2025-06-03T13:22:44Z","message":"Child TokenCleaner started successfully","memory_usage":695.6357421875,"source":"Supervisor","pid":6739,"level":"INFO","thread_id":23002830234536}
{"request_id":"N\/A","timestamp":"2025-06-03T13:22:44Z","message":"Starting child: DawnServer_Supervisor [policy: transient]","memory_usage":704.1279296875,"source":"Supervisor","pid":6739,"level":"INFO","thread_id":23002830234536}
{"request_id":"N\/A","timestamp":"2025-06-03T13:22:44Z","message":"Dawn Server connection started3000","memory_usage":705.0732421875,"source":"DawnServer","pid":6739,"level":"INFO","thread_id":23002830234536}
{"request_id":"N\/A","timestamp":"2025-06-03T13:22:45Z","message":"Serving static files from '.\/public' at route '\/static'","memory_usage":706.8115234375,"source":"DawnServer","pid":6739,"level":"INFO","thread_id":23002830234536}
{"request_id":"N\/A","timestamp":"2025-06-03T13:22:45Z","message":"Registered Routes:","memory_usage":707.6943359375,"source":"DawnServer","pid":6739,"level":"INFO","thread_id":23002830234536}
{"request_id":"N\/A","timestamp":"2025-06-03T13:22:45Z","message":"  get \/home","memory_usage":708.6591796875,"source":"DawnServer","pid":6739,"level":"INFO","thread_id":23002830234536}
{"request_id":"N\/A","timestamp":"2025-06-03T13:22:45Z","message":"  post \/api\/echo","memory_usage":709.4521484375,"source":"DawnServer","pid":6739,"level":"INFO","thread_id":23002830234536}
{"request_id":"N\/A","timestamp":"2025-06-03T13:22:45Z","message":"  get \/api\/hello","memory_usage":710.3310546875,"source":"DawnServer","pid":6739,"level":"INFO","thread_id":23002830234536}
{"message":"SETTING UP LOGGER","level":"INFO","request_id":345,"thread_id":23453871182095,"timestamp":"2025-06-03T13:30:35Z","memory_usage":691.3857421875,"source":"dawn_server","pid":6820}
{"message":"Starting child: TokenCleaner [policy: permanent]","level":"INFO","request_id":"N\/A","thread_id":23453871182095,"timestamp":"2025-06-03T13:30:35Z","memory_usage":692.7646484375,"source":"Supervisor","pid":6820}
{"message":"Child TokenCleaner started successfully","level":"INFO","request_id":"N\/A","thread_id":23453871182095,"timestamp":"2025-06-03T13:30:35Z","memory_usage":694.6201171875,"source":"Supervisor","pid":6820}
{"message":"Starting child: DawnServer_Supervisor [policy: transient]","level":"INFO","request_id":"N\/A","thread_id":23453871182095,"timestamp":"2025-06-03T13:30:35Z","memory_usage":703.1123046875,"source":"Supervisor","pid":6820}
{"message":"Dawn Server connection started3000","level":"INFO","request_id":"N\/A","thread_id":23453871182095,"timestamp":"2025-06-03T13:30:35Z","memory_usage":704.0576171875,"source":"DawnServer","pid":6820}
{"message":"Serving static files from '.\/public' at route '\/static'","level":"INFO","request_id":"N\/A","thread_id":23453871182095,"timestamp":"2025-06-03T13:30:35Z","memory_usage":705.7490234375,"source":"DawnServer","pid":6820}
{"message":"Registered Routes:","level":"INFO","request_id":"N\/A","thread_id":23453871182095,"timestamp":"2025-06-03T13:30:35Z","memory_usage":706.6318359375,"source":"DawnServer","pid":6820}
{"message":"  get \/api\/hello","level":"INFO","request_id":"N\/A","thread_id":23453871182095,"timestamp":"2025-06-03T13:30:35Z","memory_usage":707.6044921875,"source":"DawnServer","pid":6820}
{"message":"  post \/api\/echo","level":"INFO","request_id":"N\/A","thread_id":23453871182095,"timestamp":"2025-06-03T13:30:35Z","memory_usage":708.4208984375,"source":"DawnServer","pid":6820}
{"message":"  get \/api\/user\/:id","level":"INFO","request_id":"N\/A","thread_id":23453871182095,"timestamp":"2025-06-03T13:30:35Z","memory_usage":709.2998046875,"source":"DawnServer","pid":6820}
{"level":"INFO","request_id":345,"thread_id":28907585257950,"timestamp":"2025-06-03T15:05:23Z","memory_usage":693.1513671875,"source":"dawn_server","pid":7480,"message":"SETTING UP LOGGER"}
{"level":"INFO","request_id":"N\/A","thread_id":28907585257950,"timestamp":"2025-06-03T15:05:23Z","memory_usage":694.5302734375,"source":"Supervisor","pid":7480,"message":"Starting child: TokenCleaner [policy: permanent]"}
{"level":"INFO","request_id":"N\/A","thread_id":28907585257950,"timestamp":"2025-06-03T15:05:23Z","memory_usage":696.3857421875,"source":"Supervisor","pid":7480,"message":"Child TokenCleaner started successfully"}
{"level":"INFO","request_id":"N\/A","thread_id":28907585257950,"timestamp":"2025-06-03T15:05:23Z","memory_usage":704.4794921875,"source":"Supervisor","pid":7480,"message":"Starting child: DawnServer_Supervisor [policy: transient]"}
{"level":"INFO","request_id":"N\/A","thread_id":28907585257950,"timestamp":"2025-06-03T15:05:23Z","memory_usage":705.4248046875,"source":"DawnServer","pid":7480,"message":"Dawn Server connection started3000"}
{"level":"INFO","request_id":"N\/A","thread_id":28907585257950,"timestamp":"2025-06-03T15:05:23Z","memory_usage":707.1162109375,"source":"DawnServer","pid":7480,"message":"Serving static files from '.\/public' at route '\/static'"}
{"level":"INFO","request_id":"N\/A","thread_id":28907585257950,"timestamp":"2025-06-03T15:05:23Z","memory_usage":707.9990234375,"source":"DawnServer","pid":7480,"message":"Registered Routes:"}
{"level":"INFO","request_id":"N\/A","thread_id":28907585257950,"timestamp":"2025-06-03T15:05:23Z","memory_usage":708.9599609375,"source":"DawnServer","pid":7480,"message":"  get "}
{"level":"INFO","request_id":"N\/A","thread_id":28907585257950,"timestamp":"2025-06-03T15:05:23Z","memory_usage":709.7412109375,"source":"DawnServer","pid":7480,"message":"  post \/api\/echo"}
{"level":"INFO","request_id":"N\/A","thread_id":28907585257950,"timestamp":"2025-06-03T15:05:23Z","memory_usage":710.6201171875,"source":"DawnServer","pid":7480,"message":"  get \/api\/user\/:id"}
{"level":"INFO","thread_id":28950233134631,"request_id":345,"memory_usage":693.2529296875,"source":"dawn_server","message":"SETTING UP LOGGER","timestamp":"2025-06-03T15:06:08Z","pid":7504}
{"level":"INFO","thread_id":28950233134631,"request_id":"N\/A","memory_usage":694.6318359375,"source":"Supervisor","message":"Starting child: TokenCleaner [policy: permanent]","timestamp":"2025-06-03T15:06:08Z","pid":7504}
{"level":"INFO","thread_id":28950233134631,"request_id":"N\/A","memory_usage":696.4873046875,"source":"Supervisor","message":"Child TokenCleaner started successfully","timestamp":"2025-06-03T15:06:08Z","pid":7504}
{"level":"INFO","thread_id":28950233134631,"request_id":"N\/A","memory_usage":704.9794921875,"source":"Supervisor","message":"Starting child: DawnServer_Supervisor [policy: transient]","timestamp":"2025-06-03T15:06:08Z","pid":7504}
{"level":"INFO","thread_id":28950233134631,"request_id":"N\/A","memory_usage":705.9248046875,"source":"DawnServer","message":"Dawn Server connection started3000","timestamp":"2025-06-03T15:06:08Z","pid":7504}
{"level":"INFO","thread_id":28950233134631,"request_id":"N\/A","memory_usage":707.6162109375,"source":"DawnServer","message":"Serving static files from '.\/public' at route '\/static'","timestamp":"2025-06-03T15:06:08Z","pid":7504}
{"level":"INFO","thread_id":28950233134631,"request_id":"N\/A","memory_usage":708.4990234375,"source":"DawnServer","message":"Registered Routes:","timestamp":"2025-06-03T15:06:08Z","pid":7504}
{"level":"INFO","thread_id":28950233134631,"request_id":"N\/A","memory_usage":709.4638671875,"source":"DawnServer","message":"  get \/home","timestamp":"2025-06-03T15:06:08Z","pid":7504}
{"level":"INFO","thread_id":28950233134631,"request_id":"N\/A","memory_usage":710.2568359375,"source":"DawnServer","message":"  get \/api\/user\/:id","timestamp":"2025-06-03T15:06:08Z","pid":7504}
{"level":"INFO","thread_id":28950233134631,"request_id":"N\/A","memory_usage":711.1435546875,"source":"DawnServer","message":"  get \/api\/hello","timestamp":"2025-06-03T15:06:08Z","pid":7504}
{"level":"INFO","thread_id":28950233134631,"request_id":"N\/A","memory_usage":714.5927734375,"source":"DawnServer","message":"  post \/api\/echo","timestamp":"2025-06-03T15:06:08Z","pid":7504}
{"level":"INFO","thread_id":28950233134631,"request_id":"N\/A","memory_usage":715.4248046875,"source":"DawnServer","message":"  WS \/ws","timestamp":"2025-06-03T15:06:08Z","pid":7504}
{"level":"INFO","thread_id":28950233134631,"request_id":"N\/A","memory_usage":719.1240234375,"source":"Middleware","message":"Middleware: Request received for: \/home","timestamp":"2025-06-03T15:06:14Z","pid":7504}
{"level":"INFO","thread_id":28950233134631,"request_id":"N\/A","memory_usage":720.3076171875,"source":"Routes","message":"GET \/ hit, serving index.html","timestamp":"2025-06-03T15:06:14Z","pid":7504}
{"level":"INFO","thread_id":28950233134631,"request_id":"N\/A","memory_usage":728.8037109375,"source":"Middleware","message":"Middleware: Request received for: \/api\/hello","timestamp":"2025-06-03T15:06:17Z","pid":7504}
{"level":"INFO","thread_id":28950233134631,"request_id":"N\/A","memory_usage":730.3310546875,"source":"SpecificMiddleware","message":"Specific Middleware for \/api\/*","timestamp":"2025-06-03T15:06:17Z","pid":7504}
{"level":"INFO","thread_id":28950233134631,"request_id":"N\/A","memory_usage":731.4130859375,"source":"Routes","message":"GET \/api\/hello hit","timestamp":"2025-06-03T15:06:17Z","pid":7504}
{"level":"INFO","thread_id":28950233134631,"request_id":"N\/A","memory_usage":735.6630859375,"source":"Middleware","message":"Middleware: Request received for: \/api\/echo","timestamp":"2025-06-03T16:57:35Z","pid":7504}
{"level":"INFO","thread_id":28950233134631,"request_id":"N\/A","memory_usage":737.1513671875,"source":"SpecificMiddleware","message":"Specific Middleware for \/api\/*","timestamp":"2025-06-03T16:57:35Z","pid":7504}
{"level":"INFO","thread_id":28950233134631,"request_id":"N\/A","memory_usage":742.0302734375,"source":"Routes","message":"POST \/api\/echo hit with body: table: 0x7985b7571fa0","timestamp":"2025-06-03T16:57:35Z","pid":7504}
